2016-04-28 08:44:56 [scrapy] INFO: Scrapy 1.0.5 started (bot: DoubleColorBall)
2016-04-28 08:44:56 [scrapy] INFO: Optional features available: ssl, http11
2016-04-28 08:44:56 [scrapy] INFO: Overridden settings: {'NEWSPIDER_MODULE': 'DoubleColorBall.spiders', 'SPIDER_MODULES': ['DoubleColorBall.spiders'], 'LOG_FILE': 'logs/scrapy.log', 'LOG_LEVEL': 'INFO', 'BOT_NAME': 'DoubleColorBall'}
2016-04-28 08:44:56 [scrapy] INFO: Enabled extensions: CloseSpider, TelnetConsole, LogStats, CoreStats, SpiderState
2016-04-28 08:44:56 [scrapy] INFO: Enabled downloader middlewares: HttpAuthMiddleware, DownloadTimeoutMiddleware, UserAgentMiddleware, RetryMiddleware, DefaultHeadersMiddleware, MetaRefreshMiddleware, HttpCompressionMiddleware, RedirectMiddleware, CookiesMiddleware, ChunkedTransferMiddleware, DownloaderStats
2016-04-28 08:44:56 [scrapy] INFO: Enabled spider middlewares: HttpErrorMiddleware, OffsiteMiddleware, RefererMiddleware, UrlLengthMiddleware, DepthMiddleware
2016-04-28 08:44:56 [py.warnings] WARNING: /Users/zhukang/env/lib/python2.7/site-packages/scrapy/pipelines/__init__.py:21: ScrapyDeprecationWarning: ITEM_PIPELINES defined as a list or a set is deprecated, switch to a dict
  category=ScrapyDeprecationWarning, stacklevel=1)

2016-04-28 08:44:56 [twisted] CRITICAL: Unhandled error in Deferred:
2016-04-28 08:44:56 [twisted] CRITICAL: 
2016-04-28 08:50:58 [scrapy] INFO: Scrapy 1.0.5 started (bot: DoubleColorBall)
2016-04-28 08:50:58 [scrapy] INFO: Optional features available: ssl, http11
2016-04-28 08:50:58 [scrapy] INFO: Overridden settings: {'NEWSPIDER_MODULE': 'DoubleColorBall.spiders', 'SPIDER_MODULES': ['DoubleColorBall.spiders'], 'LOG_FILE': 'logs/scrapy.log', 'LOG_LEVEL': 'INFO', 'BOT_NAME': 'DoubleColorBall'}
2016-04-28 08:50:58 [scrapy] INFO: Enabled extensions: CloseSpider, TelnetConsole, LogStats, CoreStats, SpiderState
2016-04-28 08:50:58 [scrapy] INFO: Enabled downloader middlewares: HttpAuthMiddleware, DownloadTimeoutMiddleware, UserAgentMiddleware, RetryMiddleware, DefaultHeadersMiddleware, MetaRefreshMiddleware, HttpCompressionMiddleware, RedirectMiddleware, CookiesMiddleware, ChunkedTransferMiddleware, DownloaderStats
2016-04-28 08:50:58 [scrapy] INFO: Enabled spider middlewares: HttpErrorMiddleware, OffsiteMiddleware, RefererMiddleware, UrlLengthMiddleware, DepthMiddleware
2016-04-28 08:50:58 [py.warnings] WARNING: /Users/zhukang/env/lib/python2.7/site-packages/scrapy/pipelines/__init__.py:21: ScrapyDeprecationWarning: ITEM_PIPELINES defined as a list or a set is deprecated, switch to a dict
  category=ScrapyDeprecationWarning, stacklevel=1)

2016-04-28 08:50:58 [py.warnings] WARNING: /Users/zhukang/env/DoubleColorBall/DoubleColorBall/pipelines.py:12: ScrapyDeprecationWarning: Module `scrapy.log` has been deprecated, Scrapy now relies on the builtin Python library for logging. Read the updated logging entry in the documentation to learn more.
  from scrapy import log

2016-04-28 08:50:58 [scrapy] INFO: Enabled item pipelines: LotteryPipeline
2016-04-28 08:50:58 [scrapy] INFO: Spider opened
2016-04-28 08:50:58 [scrapy] INFO: Crawled 0 pages (at 0 pages/min), scraped 0 items (at 0 items/min)
2016-04-28 08:51:00 [DoublecolorballSpider] INFO: DoublecolorballSpider Parse function called on http://datachart.500.com/dlt/history/newinc/history.php?start=30000&end=00000
2016-04-28 08:51:00 [DoublecolorballSpider] INFO: DoublecolorballSpider selectItems count = 1370
2016-04-28 08:51:00 [py.warnings] WARNING: /Users/zhukang/env/DoubleColorBall/DoubleColorBall/pipelines.py:57: ScrapyDeprecationWarning: log.msg has been deprecated, create a python logger and log through it instead
  log.msg("LotteryPipeline added to MongoDB dataBase!", level=log.DEBUG, spider=spider)

2016-04-28 08:51:10 [scrapy] INFO: Closing spider (finished)
2016-04-28 08:51:10 [scrapy] INFO: Dumping Scrapy stats:
{'downloader/request_bytes': 267,
 'downloader/request_count': 1,
 'downloader/request_method_count/GET': 1,
 'downloader/response_bytes': 90710,
 'downloader/response_count': 1,
 'downloader/response_status_count/200': 1,
 'finish_reason': 'finished',
 'finish_time': datetime.datetime(2016, 4, 28, 0, 51, 10, 260682),
 'item_scraped_count': 1369,
 'log_count/INFO': 9,
 'log_count/WARNING': 3,
 'response_received_count': 1,
 'scheduler/dequeued': 1,
 'scheduler/dequeued/memory': 1,
 'scheduler/enqueued': 1,
 'scheduler/enqueued/memory': 1,
 'start_time': datetime.datetime(2016, 4, 28, 0, 50, 58, 819349)}
2016-04-28 08:51:10 [scrapy] INFO: Spider closed (finished)
